{"meta": {"format": 2, "version": "7.4.1", "timestamp": "2025-12-08T10:34:20.617076", "branch_coverage": false, "show_contexts": false}, "files": {"otel_init.py": {"executed_lines": [1, 8, 9, 10, 12, 13, 14, 15, 16, 17, 18, 19, 20, 21, 22, 23, 24, 25, 26, 27, 30, 31, 34, 54, 58, 59, 60, 65, 70, 77, 85, 86, 92, 95, 126, 163, 199, 200, 201, 202, 208, 209, 210, 215, 218, 225, 226, 227, 232, 275, 285, 288, 298, 302, 303, 304, 305], "summary": {"covered_lines": 56, "num_statements": 125, "percent_covered": 44.8, "percent_covered_display": "45", "missing_lines": 69, "excluded_lines": 0}, "missing_lines": [55, 87, 88, 89, 90, 96, 98, 101, 102, 103, 105, 108, 109, 115, 118, 120, 122, 123, 127, 129, 130, 131, 133, 138, 139, 150, 155, 157, 159, 160, 165, 168, 171, 172, 173, 174, 179, 181, 186, 187, 190, 192, 193, 195, 196, 204, 205, 212, 213, 228, 229, 243, 244, 245, 247, 248, 251, 252, 253, 254, 257, 262, 263, 265, 266, 268, 270, 271, 272], "excluded_lines": []}, "ta_bot/__init__.py": {"executed_lines": [0], "summary": {"covered_lines": 0, "num_statements": 0, "percent_covered": 100.0, "percent_covered_display": "100", "missing_lines": 0, "excluded_lines": 0}, "missing_lines": [], "excluded_lines": []}, "ta_bot/config.py": {"executed_lines": [1, 19, 20, 23, 24, 25, 47, 48, 49, 50, 56, 64, 69, 70, 73, 74, 75, 78, 115, 118, 125, 126, 129, 130, 134, 136, 138, 142, 147, 148, 149, 150, 151, 152], "summary": {"covered_lines": 32, "num_statements": 32, "percent_covered": 100.0, "percent_covered_display": "100", "missing_lines": 0, "excluded_lines": 0}, "missing_lines": [], "excluded_lines": []}, "ta_bot/core/__init__.py": {"executed_lines": [0], "summary": {"covered_lines": 0, "num_statements": 0, "percent_covered": 100.0, "percent_covered_display": "100", "missing_lines": 0, "excluded_lines": 0}, "missing_lines": [], "excluded_lines": []}, "ta_bot/core/confidence.py": {"executed_lines": [1, 5, 7, 9, 12, 15, 16, 18, 19, 21, 24, 27, 28, 29, 30, 33, 34, 35, 36, 37, 38, 40, 41, 43, 44, 45, 47, 48, 52, 55, 56, 60, 61, 62, 65, 67, 68, 72, 75, 76, 77, 81, 82, 85, 87, 88, 90, 93, 94, 98, 99, 102, 104, 105, 107, 110, 111, 115, 116, 119, 121, 122, 126, 127, 129, 137, 138, 140, 141, 143, 144], "summary": {"covered_lines": 69, "num_statements": 77, "percent_covered": 89.6103896103896, "percent_covered_display": "90", "missing_lines": 8, "excluded_lines": 0}, "missing_lines": [57, 63, 78, 83, 95, 100, 112, 117], "excluded_lines": []}, "ta_bot/core/indicators.py": {"executed_lines": [1, 5, 6, 8, 11, 14, 17, 18, 20, 21, 23, 24, 25, 27, 28, 31, 32, 34, 36, 37, 41, 42, 43, 44, 45, 47, 50, 52, 53, 54, 57, 58, 63, 69, 70, 71, 74, 75, 76, 77, 79, 81, 82, 84, 85, 86, 88, 91, 92, 93, 95, 96, 97, 99, 101, 102, 106, 107, 108, 109, 111, 112, 113, 114, 115, 118, 123, 128, 134, 135, 136, 139, 140, 141, 142, 143, 144, 145, 146, 148, 150, 151, 153, 154, 156, 157, 159, 162, 164, 165, 167, 168, 171, 173, 174, 175, 177, 178, 180, 182, 183, 185, 187, 188, 190, 191, 192, 193, 195, 196, 198, 200, 201, 203], "summary": {"covered_lines": 112, "num_statements": 112, "percent_covered": 100.0, "percent_covered_display": "100", "missing_lines": 0, "excluded_lines": 0}, "missing_lines": [], "excluded_lines": []}, "ta_bot/core/signal_engine.py": {"executed_lines": [1, 5, 6, 7, 9, 11, 12, 13, 14, 17, 18, 21, 24, 25, 26, 27, 28, 29, 30, 31, 32, 33, 34, 35, 36, 37, 38, 39, 40, 41, 42, 45, 46, 47, 48, 49, 51, 54, 57, 58, 60, 62, 95, 98, 101, 108, 115, 122, 128, 151, 153, 154, 155, 156, 157, 158, 160, 164, 166, 171, 172, 175, 176, 179, 180, 181, 184, 185, 187, 192, 196, 198, 201, 205, 208, 209, 210, 219, 221, 229, 238, 239, 244, 254, 257, 260, 266, 267, 269, 272, 274, 276, 279, 280, 285, 286, 287, 290, 291, 292, 295, 302, 305, 307, 309, 320, 321, 322, 323, 324, 326, 328, 330, 333, 334, 335, 336, 338, 341, 352, 353, 354, 357, 358, 359, 363, 364, 369, 374, 379, 380, 383, 385, 386, 387, 389, 393, 398, 404, 405, 424, 435, 439, 442, 443, 446, 450, 456, 457, 459, 463, 464, 466], "summary": {"covered_lines": 151, "num_statements": 181, "percent_covered": 83.42541436464089, "percent_covered_display": "83", "missing_lines": 30, "excluded_lines": 0}, "missing_lines": [159, 161, 167, 168, 169, 225, 228, 233, 236, 384, 399, 402, 407, 408, 409, 412, 422, 426, 427, 428, 429, 430, 431, 433, 444, 448, 452, 453, 460, 461], "excluded_lines": []}, "ta_bot/health.py": {"executed_lines": [1, 5, 6, 7, 8, 9, 11, 12, 13, 14, 22, 25, 28, 31, 34, 39, 42, 45, 46, 49, 50, 52, 53, 58, 59, 61, 66, 68, 69, 70, 71, 73, 74, 75, 76, 78, 81, 82, 85, 86, 87, 88, 90, 93, 94, 98, 100, 124, 125, 127, 145, 146, 148, 157, 158, 160, 162, 163, 166, 168, 174, 175, 177, 187, 205, 206, 208, 212, 223, 230, 232, 247, 249, 259, 261], "summary": {"covered_lines": 73, "num_statements": 99, "percent_covered": 73.73737373737374, "percent_covered_display": "74", "missing_lines": 26, "excluded_lines": 0}, "missing_lines": [54, 55, 62, 63, 169, 170, 171, 191, 194, 195, 196, 199, 200, 202, 209, 210, 214, 215, 216, 217, 218, 219, 220, 221, 225, 226], "excluded_lines": []}, "ta_bot/main.py": {"executed_lines": [], "summary": {"covered_lines": 0, "num_statements": 65, "percent_covered": 0.0, "percent_covered_display": "0", "missing_lines": 65, "excluded_lines": 2}, "missing_lines": [2, 7, 8, 11, 12, 13, 14, 15, 16, 17, 18, 19, 22, 25, 28, 30, 32, 34, 46, 49, 50, 53, 55, 56, 57, 60, 61, 62, 65, 70, 71, 74, 75, 78, 79, 80, 84, 87, 91, 93, 94, 97, 106, 111, 112, 114, 117, 123, 134, 137, 145, 148, 149, 151, 154, 155, 156, 160, 164, 167, 169, 171, 173, 174, 175], "excluded_lines": [178, 179]}, "ta_bot/models/__init__.py": {"executed_lines": [0], "summary": {"covered_lines": 0, "num_statements": 0, "percent_covered": 100.0, "percent_covered_display": "100", "missing_lines": 0, "excluded_lines": 0}, "missing_lines": [], "excluded_lines": []}, "ta_bot/models/app_config.py": {"executed_lines": [1, 8, 9, 11, 14, 15, 22, 23, 26, 27, 30, 33, 36, 39, 40, 41, 44, 47, 48, 52, 53, 79, 80, 87, 88, 89, 92, 95, 98, 99, 102, 103, 107, 108], "summary": {"covered_lines": 31, "num_statements": 31, "percent_covered": 100.0, "percent_covered_display": "100", "missing_lines": 0, "excluded_lines": 0}, "missing_lines": [], "excluded_lines": []}, "ta_bot/models/signal.py": {"executed_lines": [1, 5, 6, 7, 8, 9, 12, 13, 15, 16, 17, 18, 21, 22, 24, 25, 26, 27, 30, 31, 33, 34, 35, 38, 39, 41, 42, 43, 44, 45, 46, 49, 50, 52, 53, 54, 55, 58, 63, 64, 65, 66, 67, 68, 70, 73, 74, 75, 78, 79, 80, 81, 82, 83, 86, 87, 88, 89, 90, 91, 92, 93, 94, 95, 96, 97, 98, 99, 100, 102, 104, 106, 107, 108, 109, 111, 113, 115, 116, 117, 118, 122, 123, 124, 125, 129, 130, 131, 132, 133, 134, 139, 142, 144, 147, 149, 151, 153, 154, 156, 157, 159, 162], "summary": {"covered_lines": 96, "num_statements": 101, "percent_covered": 95.04950495049505, "percent_covered_display": "95", "missing_lines": 5, "excluded_lines": 0}, "missing_lines": [69, 105, 126, 135, 160], "excluded_lines": []}, "ta_bot/services/__init__.py": {"executed_lines": [0], "summary": {"covered_lines": 0, "num_statements": 0, "percent_covered": 100.0, "percent_covered_display": "100", "missing_lines": 0, "excluded_lines": 0}, "missing_lines": [], "excluded_lines": []}, "ta_bot/services/app_config_manager.py": {"executed_lines": [1, 11, 12, 13, 14, 15, 17, 18, 19, 20, 21, 23, 26, 27, 37, 53, 54, 55, 56, 59, 62, 63, 65, 68, 69, 71, 72, 75, 76, 78, 80, 82, 84, 85, 86, 87, 88, 89, 91, 92, 94, 95, 97, 99, 123, 126, 127, 128, 129, 130, 133, 134, 135, 136, 137, 138, 139, 140, 141, 147, 148, 149, 150, 151, 152, 153, 154, 157, 167, 168, 183, 185, 212, 213, 214, 216, 217, 220, 221, 235, 241, 242, 245, 246, 247, 250, 251, 252, 257, 280, 284, 285, 294, 295, 296, 301, 304, 318, 322, 324, 334, 337, 338, 341, 342, 343, 357, 363, 365, 366, 372, 374, 375, 377, 378, 380, 381, 383, 385, 387, 389, 391, 393, 395, 417, 419, 420, 421, 423, 425, 432, 437], "summary": {"covered_lines": 130, "num_statements": 166, "percent_covered": 78.3132530120482, "percent_covered_display": "78", "missing_lines": 36, "excluded_lines": 0}, "missing_lines": [142, 143, 158, 159, 160, 161, 162, 163, 164, 253, 254, 258, 259, 262, 263, 264, 267, 268, 269, 272, 273, 274, 275, 276, 278, 281, 297, 298, 335, 359, 360, 361, 424, 426, 435, 442], "excluded_lines": []}, "ta_bot/services/app_config_validator.py": {"executed_lines": [1, 8, 9, 10, 12, 15, 34, 37, 72, 82, 85, 86, 87, 90, 91, 92, 95, 96, 97, 100, 101, 102, 103, 104, 107, 108, 109, 111, 112, 113, 115, 118, 128, 131, 132, 133, 136, 137, 138, 141, 142, 145, 146, 147, 148, 150, 151, 156, 157, 161, 164, 174, 177, 178, 179, 182, 183, 184, 187, 188, 191, 192, 193, 194, 195, 198, 199, 200, 203, 204, 209, 210, 212, 215, 225, 228, 229, 230, 233, 234, 235, 238, 239, 242, 243, 244, 245, 247, 248, 252, 255, 268, 271, 272, 274, 275, 278, 279, 282, 283, 284, 286, 287, 288, 291, 296, 298, 301, 311, 314, 315, 316, 319, 320, 323, 328, 331, 341, 344, 345, 346, 349, 350, 351, 354, 355, 356, 357, 359, 360, 362], "summary": {"covered_lines": 130, "num_statements": 131, "percent_covered": 99.23664122137404, "percent_covered_display": "99", "missing_lines": 1, "excluded_lines": 0}, "missing_lines": [324], "excluded_lines": []}, "ta_bot/services/data_manager_client.py": {"executed_lines": [1, 8, 9, 11, 13, 14, 16, 19, 22, 23, 25, 26, 29, 30, 37, 51, 54, 55, 58, 64, 65, 67, 69, 71, 72, 73, 75, 77, 78, 79, 81, 83, 84, 85, 89, 103, 104, 107, 114, 115, 116, 119, 120, 123, 124, 125, 128, 131, 134, 135, 136, 139, 141, 142, 144, 145, 148, 165, 175, 176, 179, 186, 187, 188, 191, 193, 196, 204, 214, 215, 216, 218, 219, 222, 229, 230, 231, 232, 234, 237, 243, 250, 251, 252, 255, 256, 257, 258, 260, 262, 263, 265, 267], "summary": {"covered_lines": 91, "num_statements": 108, "percent_covered": 84.25925925925925, "percent_covered_display": "84", "missing_lines": 17, "excluded_lines": 0}, "missing_lines": [86, 87, 149, 150, 153, 154, 155, 158, 159, 160, 163, 198, 199, 202, 239, 240, 241], "excluded_lines": []}, "ta_bot/services/data_manager_config_client.py": {"executed_lines": [1, 7, 8, 9, 11, 13, 16, 17, 23, 37, 38, 39, 40, 42, 44, 46, 47, 48, 53, 56, 57, 61, 63, 64, 65, 67, 69, 70, 71, 72, 73, 77, 84, 87, 88, 91, 92, 93, 97, 98, 99, 101, 118, 121, 122, 134, 137, 138, 139, 144, 145, 146, 148, 161, 164, 165, 166, 167, 169, 170, 171, 172, 181, 202, 205, 206, 212, 213, 214, 216, 217, 218, 219, 224, 225, 226, 228, 235, 238, 239, 242, 243, 244, 249, 250, 251, 253, 266, 269, 270, 271, 272, 274, 275, 276, 277, 286, 288, 302, 304], "summary": {"covered_lines": 98, "num_statements": 124, "percent_covered": 79.03225806451613, "percent_covered_display": "79", "missing_lines": 26, "excluded_lines": 0}, "missing_lines": [74, 75, 85, 95, 96, 119, 141, 142, 162, 174, 175, 177, 178, 179, 203, 221, 222, 236, 246, 247, 267, 279, 280, 282, 283, 284], "excluded_lines": []}, "ta_bot/services/leader_election.py": {"executed_lines": [1, 5, 6, 7, 8, 10, 12, 15, 18, 19, 21, 22, 23, 24, 25, 26, 27, 28, 30, 32, 33, 35, 44, 48, 50, 51, 52, 54, 56, 62, 65, 68, 70, 71, 72, 73, 74, 76, 77, 78, 79, 83, 84, 85, 86, 87, 89, 91, 92, 94, 95, 98, 104, 108, 114, 124], "summary": {"covered_lines": 54, "num_statements": 68, "percent_covered": 79.41176470588235, "percent_covered_display": "79", "missing_lines": 14, "excluded_lines": 0}, "missing_lines": [37, 39, 42, 45, 46, 110, 111, 112, 116, 119, 120, 121, 122, 126], "excluded_lines": []}, "ta_bot/services/mysql_client.py": {"executed_lines": [1, 8, 9, 10, 11, 12, 13, 15, 16, 17, 20, 21, 24, 25, 26, 28, 31, 32, 39, 55, 57, 59, 60, 61, 62, 65, 68, 70, 72, 74, 78, 80, 81, 82, 84, 85, 90, 91, 95, 98, 101, 102, 103, 104, 108, 110, 112, 113, 115, 116, 118, 131, 136, 138, 139, 141, 142, 143, 145, 149, 150, 152, 156, 158, 159, 165, 175, 176, 177, 178, 181, 189, 190, 191, 193, 200, 201, 202, 204, 205, 206, 207, 209, 220, 225, 226, 227, 229, 230, 231, 232, 234, 236, 238, 239, 241, 245, 247, 248, 253, 259, 262, 264, 265, 274, 277, 280, 282, 283, 297, 300, 311, 313, 314, 316, 320, 321, 322, 324, 326, 327, 332, 337, 338, 340, 343, 346, 347, 359, 362, 365, 368, 373, 387, 388, 389, 391, 392], "summary": {"covered_lines": 136, "num_statements": 191, "percent_covered": 71.20418848167539, "percent_covered_display": "71", "missing_lines": 55, "excluded_lines": 0}, "missing_lines": [23, 76, 86, 88, 92, 94, 132, 133, 134, 153, 154, 160, 161, 162, 194, 197, 211, 212, 214, 215, 216, 217, 218, 228, 242, 243, 249, 250, 251, 266, 267, 269, 302, 303, 305, 306, 307, 308, 309, 317, 318, 328, 329, 330, 348, 349, 352, 354, 394, 395, 397, 398, 399, 400, 401], "excluded_lines": []}, "ta_bot/services/nats_listener.py": {"executed_lines": [1, 5, 6, 7, 8, 10, 12, 13, 14, 15, 16, 18, 21, 22, 24, 48, 49, 50, 51, 52, 53, 54, 55, 56, 57, 58, 59, 61, 63, 65, 66, 69, 71, 74, 77, 80, 82, 88, 92, 97, 98, 103, 104, 106, 108, 110, 111, 112, 115, 116, 117, 122, 123, 130, 133, 134, 136, 137, 140, 143, 144, 145, 146, 147, 156, 157, 159, 161, 162, 164, 167, 168, 171, 173, 174, 177, 179, 182, 184, 185, 186, 188, 191, 192, 193, 195, 196, 197, 198, 201, 210, 211, 214, 215, 216, 217, 219, 223, 224, 233, 236, 237, 240, 251, 253, 255, 258, 262, 265, 267, 272, 274], "summary": {"covered_lines": 110, "num_statements": 125, "percent_covered": 88.0, "percent_covered_display": "88", "missing_lines": 15, "excluded_lines": 0}, "missing_lines": [84, 85, 86, 150, 151, 228, 244, 245, 246, 247, 248, 249, 259, 269, 270], "excluded_lines": []}, "ta_bot/services/publisher.py": {"executed_lines": [1, 5, 7, 8, 9, 10, 12, 13, 15, 18, 19, 21, 34, 35, 36, 37, 38, 40, 43, 44, 45, 47, 50, 51, 52, 53, 54, 55, 56, 58, 60, 61, 63, 64, 66, 68, 69, 70, 72, 79, 82, 85, 87, 89, 91, 92, 93, 95, 96, 98, 100, 104, 109, 110, 114, 115, 122, 124, 125, 129, 131, 132, 134, 137, 140, 147, 148, 150, 154, 160, 162, 166, 167, 169, 171, 172, 173, 175, 178, 181, 184, 186, 214, 216, 220, 221, 223, 224, 227, 229, 230, 232], "summary": {"covered_lines": 90, "num_statements": 110, "percent_covered": 81.81818181818181, "percent_covered_display": "82", "missing_lines": 20, "excluded_lines": 0}, "missing_lines": [80, 119, 120, 179, 188, 189, 190, 192, 194, 196, 201, 202, 206, 207, 211, 212, 217, 218, 236, 237], "excluded_lines": []}, "ta_bot/strategies/__init__.py": {"executed_lines": [1, 11, 14, 15, 18, 19, 20, 21, 22, 23, 24, 25, 26, 27, 28, 29, 30, 31, 32, 33, 34, 35, 36, 37, 38, 39, 40, 41, 42, 44], "summary": {"covered_lines": 29, "num_statements": 29, "percent_covered": 100.0, "percent_covered_display": "100", "missing_lines": 0, "excluded_lines": 0}, "missing_lines": [], "excluded_lines": []}, "ta_bot/strategies/band_fade_reversal.py": {"executed_lines": [1, 5, 6, 8, 10, 11, 12, 14, 17, 18, 20, 22, 23, 25, 27, 28, 31, 34, 35, 38, 41, 42, 45, 46, 49, 50, 51, 53, 54, 55, 56, 59, 62, 65, 66, 67, 70, 71, 73, 77, 107], "summary": {"covered_lines": 39, "num_statements": 43, "percent_covered": 90.69767441860465, "percent_covered_display": "91", "missing_lines": 4, "excluded_lines": 0}, "missing_lines": [75, 80, 82, 85], "excluded_lines": []}, "ta_bot/strategies/base_strategy.py": {"executed_lines": [1, 5, 6, 8, 10, 12, 15, 16, 23, 31, 32, 34, 49, 51, 64, 66, 79, 80, 83, 90, 92, 96, 98, 100, 101, 102, 103, 112, 113, 114, 121, 122, 123, 124, 125, 128, 131, 132, 133, 134, 135, 136, 137, 138, 141, 143, 147, 149, 151, 152, 153, 154, 163, 164, 165, 172, 173, 174, 175, 176, 179, 182, 183, 184, 185, 186, 187, 188, 192, 194, 198, 200, 204, 206, 208], "summary": {"covered_lines": 72, "num_statements": 88, "percent_covered": 81.81818181818181, "percent_covered_display": "82", "missing_lines": 16, "excluded_lines": 1}, "missing_lines": [81, 106, 107, 110, 115, 116, 119, 139, 157, 158, 161, 166, 167, 170, 189, 190], "excluded_lines": [49]}, "ta_bot/strategies/bear_trap_buy.py": {"executed_lines": [1, 16, 17, 18, 20, 22, 23, 24, 27, 28, 36, 37, 38, 39, 40, 41, 42, 44, 55, 56], "summary": {"covered_lines": 18, "num_statements": 43, "percent_covered": 41.86046511627907, "percent_covered_display": "42", "missing_lines": 25, "excluded_lines": 0}, "missing_lines": [58, 60, 61, 63, 64, 67, 68, 69, 70, 73, 74, 75, 81, 87, 89, 90, 91, 92, 95, 98, 100, 122, 123, 124, 126], "excluded_lines": []}, "ta_bot/strategies/bear_trap_sell.py": {"executed_lines": [1, 16, 17, 19, 21, 22, 25, 26, 34, 35, 36, 37, 38, 40, 51, 52], "summary": {"covered_lines": 14, "num_statements": 44, "percent_covered": 31.818181818181817, "percent_covered_display": "32", "missing_lines": 30, "excluded_lines": 0}, "missing_lines": [54, 56, 59, 60, 62, 63, 66, 67, 68, 69, 71, 72, 75, 76, 77, 84, 91, 93, 94, 95, 96, 99, 100, 101, 107, 109, 129, 130, 131, 133], "excluded_lines": []}, "ta_bot/strategies/bollinger_breakout_signals.py": {"executed_lines": [1, 9, 11, 13, 14, 17, 18, 32, 38, 39, 42, 45, 46, 49, 62, 65, 66, 70, 71, 72, 73, 76, 79, 81, 82, 83, 85, 95, 99, 100, 103, 104, 105, 107, 110, 111, 118, 124, 125, 128, 145], "summary": {"covered_lines": 39, "num_statements": 54, "percent_covered": 72.22222222222223, "percent_covered_display": "72", "missing_lines": 15, "excluded_lines": 0}, "missing_lines": [50, 51, 54, 56, 58, 59, 60, 67, 87, 88, 91, 92, 93, 120, 121], "excluded_lines": []}, "ta_bot/strategies/bollinger_squeeze_alert.py": {"executed_lines": [1, 9, 11, 13, 14, 17, 18, 30, 36, 37, 40, 43, 44, 47, 48, 49, 52, 54, 56, 57, 58, 60, 63, 64, 68, 69, 70, 71, 73, 77, 78, 81, 83, 84, 88, 93, 100, 101, 102, 105, 119], "summary": {"covered_lines": 39, "num_statements": 41, "percent_covered": 95.1219512195122, "percent_covered_display": "95", "missing_lines": 2, "excluded_lines": 0}, "missing_lines": [65, 74], "excluded_lines": []}, "ta_bot/strategies/divergence_trap.py": {"executed_lines": [1, 5, 7, 9, 10, 11, 14, 15, 17, 19, 20, 22, 24, 25, 28, 31, 32, 35, 38, 39, 42, 43, 46, 48, 55, 57, 60, 61, 66, 67, 68, 71, 75, 84, 87, 88, 89, 93, 124, 126], "summary": {"covered_lines": 38, "num_statements": 58, "percent_covered": 65.51724137931035, "percent_covered_display": "66", "missing_lines": 20, "excluded_lines": 0}, "missing_lines": [40, 51, 63, 76, 77, 79, 81, 91, 96, 97, 98, 99, 100, 103, 128, 129, 132, 133, 135, 136], "excluded_lines": []}, "ta_bot/strategies/doji_reversal.py": {"executed_lines": [1, 16, 17, 18, 20, 22, 23, 26, 27, 34, 35, 36, 37, 40, 41, 43, 54, 55, 57, 59, 60, 61, 62, 65, 66, 69, 70, 73, 75, 144], "summary": {"covered_lines": 28, "num_statements": 56, "percent_covered": 50.0, "percent_covered_display": "50", "missing_lines": 28, "excluded_lines": 0}, "missing_lines": [67, 77, 78, 79, 81, 84, 85, 87, 89, 90, 91, 92, 93, 95, 97, 98, 99, 100, 101, 104, 107, 110, 111, 113, 115, 140, 141, 142], "excluded_lines": []}, "ta_bot/strategies/ema_alignment_bearish.py": {"executed_lines": [1, 15, 16, 18, 20, 21, 24, 25, 32, 33, 34, 35, 38, 40, 51, 52], "summary": {"covered_lines": 14, "num_statements": 46, "percent_covered": 30.434782608695652, "percent_covered_display": "30", "missing_lines": 32, "excluded_lines": 0}, "missing_lines": [54, 56, 59, 60, 62, 63, 66, 67, 69, 70, 73, 74, 75, 76, 80, 85, 86, 88, 91, 92, 95, 96, 99, 102, 105, 108, 112, 120, 145, 146, 147, 149], "excluded_lines": []}, "ta_bot/strategies/ema_alignment_bullish.py": {"executed_lines": [1, 9, 11, 13, 14, 17, 18, 30, 36, 37], "summary": {"covered_lines": 8, "num_statements": 53, "percent_covered": 15.09433962264151, "percent_covered_display": "15", "missing_lines": 45, "excluded_lines": 0}, "missing_lines": [40, 43, 44, 47, 48, 51, 52, 56, 57, 60, 61, 62, 65, 66, 67, 70, 73, 76, 77, 80, 82, 83, 85, 86, 91, 98, 101, 105, 106, 108, 109, 112, 119, 120, 123, 124, 127, 128, 129, 131, 137, 138, 139, 142, 156], "excluded_lines": []}, "ta_bot/strategies/ema_momentum_reversal.py": {"executed_lines": [1, 9, 11, 13, 14, 17, 18, 46, 52, 53, 56, 59, 60, 63, 64, 69, 72, 73, 77, 79, 82, 85, 86, 87, 88, 91, 92, 95, 96, 97, 100, 101, 103, 109, 111, 112, 114, 119, 120, 123, 124, 126, 132, 134, 135, 137, 142, 143, 146, 147, 148, 149, 151, 155, 161, 163, 165, 166, 168, 173, 174, 175, 177, 178, 181, 182, 188, 198, 199], "summary": {"covered_lines": 67, "num_statements": 95, "percent_covered": 70.52631578947368, "percent_covered_display": "71", "missing_lines": 28, "excluded_lines": 0}, "missing_lines": [70, 74, 83, 104, 105, 106, 127, 128, 129, 153, 156, 157, 158, 186, 194, 195, 196, 202, 205, 210, 213, 215, 220, 221, 222, 223, 226, 240], "excluded_lines": []}, "ta_bot/strategies/ema_pullback_continuation.py": {"executed_lines": [1, 9, 11, 13, 14, 17, 18, 40, 46, 47, 50, 53, 54, 57, 58, 61, 62, 65, 66, 70, 73, 74, 78, 82, 83, 84, 85, 86, 87, 89, 92, 93, 96, 97, 98, 100, 101, 102, 110, 113, 114, 115, 118, 119, 120, 122, 123, 124, 132, 140, 141, 142, 143, 144, 145, 146, 153, 156, 157, 158, 163, 164, 167, 168, 171, 172, 173, 175, 180, 196], "summary": {"covered_lines": 68, "num_statements": 80, "percent_covered": 85.0, "percent_covered_display": "85", "missing_lines": 12, "excluded_lines": 0}, "missing_lines": [75, 79, 106, 108, 128, 130, 147, 148, 149, 150, 151, 160], "excluded_lines": []}, "ta_bot/strategies/ema_slope_reversal_sell.py": {"executed_lines": [1, 15, 16, 17, 19, 21, 22, 23, 26, 27, 34, 35, 36, 37, 38, 39, 40, 42, 53, 54, 56, 58, 61, 63, 67, 68, 69, 71, 72, 73, 76, 77, 81, 84, 86, 136], "summary": {"covered_lines": 34, "num_statements": 47, "percent_covered": 72.34042553191489, "percent_covered_display": "72", "missing_lines": 13, "excluded_lines": 0}, "missing_lines": [64, 88, 89, 90, 91, 94, 95, 98, 100, 107, 132, 133, 134], "excluded_lines": []}, "ta_bot/strategies/fox_trap_reversal.py": {"executed_lines": [1, 9, 11, 13, 14, 17, 18, 39, 45, 46], "summary": {"covered_lines": 8, "num_statements": 106, "percent_covered": 7.547169811320755, "percent_covered_display": "8", "missing_lines": 98, "excluded_lines": 0}, "missing_lines": [49, 52, 53, 56, 57, 60, 61, 64, 65, 69, 72, 73, 74, 77, 78, 79, 80, 81, 82, 85, 86, 87, 90, 91, 92, 94, 95, 96, 101, 103, 106, 107, 108, 110, 113, 114, 115, 116, 120, 122, 124, 126, 135, 136, 137, 140, 141, 142, 144, 145, 146, 151, 153, 156, 157, 158, 160, 163, 164, 165, 166, 170, 172, 174, 176, 185, 186, 187, 188, 189, 190, 191, 192, 193, 194, 195, 196, 197, 198, 200, 203, 204, 205, 207, 210, 211, 214, 215, 218, 219, 221, 223, 226, 227, 228, 230, 239, 256], "excluded_lines": []}, "ta_bot/strategies/golden_trend_sync.py": {"executed_lines": [1, 5, 7, 9, 10, 11, 14, 15, 17, 19, 20, 22, 24, 25, 28, 31, 32, 35, 38, 39, 42, 43, 44, 47, 50, 51, 54, 56, 85, 87], "summary": {"covered_lines": 28, "num_statements": 39, "percent_covered": 71.7948717948718, "percent_covered_display": "72", "missing_lines": 11, "excluded_lines": 0}, "missing_lines": [40, 59, 61, 62, 65, 89, 90, 92, 93, 96, 98], "excluded_lines": []}, "ta_bot/strategies/hammer_reversal_pattern.py": {"executed_lines": [1, 9, 11, 13, 14, 17, 18, 33, 39, 40, 43, 44, 47, 48, 49, 50, 53, 54, 57, 58, 61, 66, 69, 72, 74, 75], "summary": {"covered_lines": 24, "num_statements": 48, "percent_covered": 50.0, "percent_covered_display": "50", "missing_lines": 24, "excluded_lines": 0}, "missing_lines": [62, 79, 80, 82, 85, 88, 93, 94, 95, 102, 103, 104, 109, 112, 115, 116, 117, 119, 132, 133, 134, 135, 138, 161], "excluded_lines": []}, "ta_bot/strategies/ichimoku_cloud_momentum.py": {"executed_lines": [1, 6, 8, 10, 11, 14, 15, 25, 31, 32, 35, 38, 39, 41, 44, 45, 49, 50, 54, 55, 58, 63, 67, 71, 72, 73, 74, 81, 82, 83, 87, 89, 90, 91, 99, 113, 126, 128, 130, 131, 132, 135, 136, 137, 140, 143, 144, 145, 148, 151, 161, 166, 171, 176, 182, 184, 186, 191, 196, 202, 204], "summary": {"covered_lines": 59, "num_statements": 71, "percent_covered": 83.09859154929578, "percent_covered_display": "83", "missing_lines": 12, "excluded_lines": 0}, "missing_lines": [46, 51, 68, 76, 77, 78, 84, 94, 95, 96, 163, 164], "excluded_lines": []}, "ta_bot/strategies/inside_bar_breakout.py": {"executed_lines": [1, 9, 11, 13, 14, 17, 18, 36, 42, 43], "summary": {"covered_lines": 8, "num_statements": 76, "percent_covered": 10.526315789473685, "percent_covered_display": "11", "missing_lines": 68, "excluded_lines": 0}, "missing_lines": [46, 49, 50, 53, 54, 57, 58, 62, 65, 66, 67, 70, 71, 74, 75, 76, 78, 79, 82, 86, 87, 90, 91, 94, 96, 97, 100, 101, 102, 104, 105, 106, 110, 112, 115, 116, 117, 120, 121, 123, 124, 125, 127, 128, 129, 130, 132, 133, 134, 135, 138, 146, 147, 150, 151, 154, 155, 158, 161, 166, 169, 172, 175, 176, 177, 179, 184, 200], "excluded_lines": []}, "ta_bot/strategies/inside_bar_sell.py": {"executed_lines": [1, 15, 16, 17, 19, 21, 22, 23, 26, 27, 34, 35, 36, 37, 40, 41, 42, 44, 55, 56], "summary": {"covered_lines": 18, "num_statements": 45, "percent_covered": 40.0, "percent_covered_display": "40", "missing_lines": 27, "excluded_lines": 0}, "missing_lines": [58, 60, 61, 63, 64, 67, 68, 69, 71, 72, 74, 75, 78, 85, 89, 91, 92, 93, 94, 97, 98, 99, 103, 127, 128, 129, 131], "excluded_lines": []}, "ta_bot/strategies/liquidity_grab_reversal.py": {"executed_lines": [1, 6, 8, 10, 11, 14, 15, 25, 31, 32, 35, 38, 39, 41, 44, 45, 49, 50, 52, 53, 117, 119, 123, 126, 129, 130, 131, 132, 135, 138, 141, 144, 150, 152, 155, 157, 159, 163, 166, 169, 170, 171, 172, 175, 178, 181, 184, 190, 192, 195, 197], "summary": {"covered_lines": 49, "num_statements": 93, "percent_covered": 52.68817204301075, "percent_covered_display": "53", "missing_lines": 44, "excluded_lines": 0}, "missing_lines": [46, 56, 57, 58, 59, 61, 62, 63, 66, 67, 68, 69, 72, 73, 74, 77, 79, 80, 81, 82, 85, 86, 87, 88, 91, 104, 120, 153, 160, 193, 201, 202, 205, 206, 209, 210, 213, 214, 217, 219, 220, 223, 224, 226], "excluded_lines": []}, "ta_bot/strategies/mean_reversion_scalper.py": {"executed_lines": [1, 6, 8, 10, 11, 14, 15, 25, 31, 32, 35, 38, 39, 41, 44, 45, 49, 50, 51, 54, 55, 58, 59, 60, 62, 66, 67, 70, 75, 77, 78, 79, 84, 85, 86, 88, 93, 95, 99, 100, 101, 102, 105, 111, 112, 115, 129], "summary": {"covered_lines": 45, "num_statements": 55, "percent_covered": 81.81818181818181, "percent_covered_display": "82", "missing_lines": 10, "excluded_lines": 0}, "missing_lines": [46, 63, 72, 73, 74, 81, 90, 96, 107, 108], "excluded_lines": []}, "ta_bot/strategies/minervini_trend_template.py": {"executed_lines": [1, 21, 22, 24, 26, 27, 30, 31, 38, 39, 40, 41, 44, 46, 57, 58], "summary": {"covered_lines": 14, "num_statements": 56, "percent_covered": 25.0, "percent_covered_display": "25", "missing_lines": 42, "excluded_lines": 0}, "missing_lines": [60, 62, 64, 65, 66, 67, 70, 71, 72, 74, 75, 77, 78, 79, 82, 83, 87, 88, 91, 94, 97, 102, 109, 112, 138, 140, 142, 143, 144, 145, 147, 151, 152, 155, 158, 159, 163, 171, 196, 197, 198, 200], "excluded_lines": []}, "ta_bot/strategies/momentum_pulse.py": {"executed_lines": [1, 6, 8, 10, 11, 14, 15, 25, 31, 32, 35, 38, 39, 41, 42, 45, 46, 47, 50, 54, 55, 58, 61, 62, 65, 66, 69, 72, 75, 77, 82, 83, 84, 87, 98], "summary": {"covered_lines": 33, "num_statements": 34, "percent_covered": 97.05882352941177, "percent_covered_display": "97", "missing_lines": 1, "excluded_lines": 0}, "missing_lines": [78], "excluded_lines": []}, "ta_bot/strategies/multi_timeframe_trend_continuation.py": {"executed_lines": [1, 6, 8, 10, 11, 14, 15, 25, 31, 32, 35, 38, 39, 41, 42, 45, 54, 55, 132, 155, 199, 207], "summary": {"covered_lines": 20, "num_statements": 93, "percent_covered": 21.50537634408602, "percent_covered_display": "22", "missing_lines": 73, "excluded_lines": 0}, "missing_lines": [58, 59, 60, 63, 64, 65, 68, 69, 70, 73, 74, 75, 76, 78, 79, 80, 83, 84, 87, 89, 90, 91, 96, 97, 98, 103, 119, 137, 138, 139, 140, 143, 146, 148, 149, 150, 151, 153, 157, 158, 160, 161, 163, 165, 167, 170, 171, 174, 175, 176, 178, 180, 182, 184, 187, 188, 191, 192, 193, 195, 197, 201, 202, 204, 205, 211, 212, 215, 216, 218, 221, 224, 226], "excluded_lines": []}, "ta_bot/strategies/order_flow_imbalance.py": {"executed_lines": [1, 6, 8, 10, 11, 14, 15, 25, 31, 32, 35, 38, 39, 41, 44, 45, 49, 52, 54, 55, 129, 131, 135, 138, 139, 140, 143, 144, 147, 148, 151, 152, 154, 159, 162, 164, 166, 168, 172, 175, 176, 177, 180, 181, 184, 185, 188, 189, 191, 196, 199, 201, 203, 205, 208, 210, 211, 213, 215, 217, 220, 222, 223, 225, 227, 229, 232, 233, 236, 238, 246], "summary": {"covered_lines": 69, "num_statements": 115, "percent_covered": 60.0, "percent_covered_display": "60", "missing_lines": 46, "excluded_lines": 0}, "missing_lines": [46, 58, 59, 60, 61, 63, 64, 65, 68, 69, 70, 73, 74, 75, 79, 80, 81, 83, 86, 88, 89, 90, 91, 96, 97, 98, 99, 103, 116, 132, 155, 156, 169, 192, 193, 206, 218, 230, 240, 241, 243, 244, 248, 250, 252, 255], "excluded_lines": []}, "ta_bot/strategies/range_break_pop.py": {"executed_lines": [1, 6, 8, 10, 11, 12, 15, 16, 26, 28, 29, 31, 33, 34, 37, 40, 41, 44, 47, 48, 51, 52, 53, 54, 55, 58, 59, 62, 65, 66, 67, 70, 74, 77, 78, 79, 80, 81, 84, 105], "summary": {"covered_lines": 38, "num_statements": 40, "percent_covered": 95.0, "percent_covered_display": "95", "missing_lines": 2, "excluded_lines": 0}, "missing_lines": [49, 72], "excluded_lines": []}, "ta_bot/strategies/rsi_extreme_reversal.py": {"executed_lines": [1, 9, 11, 13, 14, 17, 18, 33, 40, 41, 44, 45, 46, 47, 48, 49, 50, 51, 52, 53, 54, 55, 56, 59, 60, 61, 62, 63, 64, 65, 66, 67, 68, 70, 71, 74, 85, 90, 92, 95, 96, 99, 102, 105, 106, 107, 109, 112, 115, 116, 119, 120, 122, 123, 124, 126, 132, 134, 135, 136, 138, 141, 142, 143, 144, 148, 149, 153, 158, 163, 166, 175, 187], "summary": {"covered_lines": 71, "num_statements": 79, "percent_covered": 89.87341772151899, "percent_covered_display": "90", "missing_lines": 8, "excluded_lines": 0}, "missing_lines": [81, 82, 113, 128, 129, 130, 150, 156], "excluded_lines": []}, "ta_bot/strategies/shooting_star_reversal.py": {"executed_lines": [1, 16, 17, 18, 20, 22, 23, 26, 27, 34, 35, 36, 37, 40, 41, 43, 54, 55, 57, 59, 60, 61, 62, 65, 66, 67, 70, 76, 77, 79, 128], "summary": {"covered_lines": 29, "num_statements": 47, "percent_covered": 61.702127659574465, "percent_covered_display": "62", "missing_lines": 18, "excluded_lines": 0}, "missing_lines": [71, 81, 82, 83, 84, 87, 88, 89, 92, 93, 94, 95, 96, 98, 100, 124, 125, 126], "excluded_lines": []}, "ta_bot/strategies/volume_surge_breakout.py": {"executed_lines": [1, 6, 8, 10, 11, 14, 15, 25, 31, 32, 35, 38, 39, 41, 44, 52, 56, 57, 58, 141, 160], "summary": {"covered_lines": 19, "num_statements": 71, "percent_covered": 26.760563380281692, "percent_covered_display": "27", "missing_lines": 52, "excluded_lines": 0}, "missing_lines": [53, 61, 62, 63, 66, 67, 68, 71, 72, 74, 75, 78, 79, 80, 81, 83, 84, 85, 88, 89, 90, 91, 92, 95, 97, 98, 99, 100, 101, 106, 107, 108, 109, 110, 115, 128, 143, 144, 146, 147, 150, 151, 154, 158, 162, 163, 165, 166, 169, 170, 173, 175], "excluded_lines": []}, "ta_bot/utils/__init__.py": {"executed_lines": [1, 3, 11], "summary": {"covered_lines": 2, "num_statements": 2, "percent_covered": 100.0, "percent_covered_display": "100", "missing_lines": 0, "excluded_lines": 0}, "missing_lines": [], "excluded_lines": []}, "ta_bot/utils/logger.py": {"executed_lines": [], "summary": {"covered_lines": 0, "num_statements": 22, "percent_covered": 0.0, "percent_covered_display": "0", "missing_lines": 22, "excluded_lines": 0}, "missing_lines": [8, 9, 10, 12, 13, 16, 30, 37, 38, 56, 75, 78, 80, 86, 89, 99, 100, 102, 105, 118, 121, 134], "excluded_lines": []}, "ta_bot/utils/nats_trace_propagator.py": {"executed_lines": [1, 17, 19, 20, 21, 24, 25, 28, 30, 31, 59, 63, 66, 67, 69, 71, 72, 100, 104, 106, 108, 109, 127, 131, 132, 151, 152, 156, 157, 158, 159], "summary": {"covered_lines": 29, "num_statements": 29, "percent_covered": 100.0, "percent_covered_display": "100", "missing_lines": 0, "excluded_lines": 0}, "missing_lines": [], "excluded_lines": []}}, "totals": {"covered_lines": 2529, "num_statements": 3744, "percent_covered": 67.54807692307692, "percent_covered_display": "68", "missing_lines": 1215, "excluded_lines": 3}}
